<?xml version="1.0" encoding="UTF-8"?>
<!-- Generated by org.testng.reporters.JUnitXMLReporter -->
<testsuite ignored="0" hostname="RamBhakt--" failures="0" tests="3" name="Test" time="30.242" errors="0" timestamp="2026-03-17T19:29:38 IST">
  <testcase classname="com.actitime.tests.TC01_Create_Edit_Delete_Customer" name="login" time="1.249"/>
  <testcase classname="com.actitime.tests.TC01_Create_Edit_Delete_Customer" name="createCustomer" time="17.446"/>
  <testcase classname="com.actitime.tests.TC01_Create_Edit_Delete_Customer" name="editCustomer" time="4.084"/>
</testsuite> <!-- Test -->
