<?xml version="1.0" encoding="UTF-8"?>
<!-- Generated by org.testng.reporters.JUnitXMLReporter -->
<testsuite ignored="0" hostname="RamBhakt--" failures="0" tests="5" name="Test" time="49.858" errors="0" timestamp="2026-03-18T10:03:32 IST">
  <testcase classname="com.actitime.tests.TC01_Create_Edit_Delete_Customer" name="login" time="1.151"/>
  <testcase classname="com.actitime.tests.TC01_Create_Edit_Delete_Customer" name="createCustomer" time="24.596"/>
  <testcase classname="com.actitime.tests.TC01_Create_Edit_Delete_Customer" name="editCustomer" time="4.805"/>
  <testcase classname="com.actitime.tests.TC01_Create_Edit_Delete_Customer" name="deleteCustomer" time="3.787"/>
  <testcase classname="com.actitime.tests.TC01_Create_Edit_Delete_Customer" name="logout" time="3.266"/>
</testsuite> <!-- Test -->
