<?xml version="1.0" encoding="UTF-8"?>
<testsuite xmlns:xsi="http://www.w3.org/2001/XMLSchema-instance" xsi:noNamespaceSchemaLocation="https://maven.apache.org/surefire/maven-surefire-plugin/xsd/surefire-test-report.xsd" version="3.0.2" name="TestSuite" time="50.661" tests="5" errors="0" skipped="0" failures="0" flakes="0">
  <properties>
[...]
</properties>
  <testcase name="login" classname="com.actitime.tests.TC01_Create_Edit_Delete_Customer" time="1.153">
    <system-out><![CDATA[Test execution happening in chrome
Element highlighted
value attribute value : patraprakashsatya@gmail.com
Element highlighted
value attribute value : satya123
Element highlighted
]]></system-out>
    <system-err><![CDATA[SLF4J(W): No SLF4J providers were found.
SLF4J(W): Defaulting to no-operation (NOP) logger implementation
SLF4J(W): See https://www.slf4j.org/codes.html#noProviders for further details.
Mar 18, 2026 10:02:44 AM org.openqa.selenium.devtools.CdpVersionFinder findNearestMatch
WARNING: Unable to find CDP implementation matching 133
Mar 18, 2026 10:02:44 AM org.openqa.selenium.chromium.ChromiumDriver lambda$new$4
WARNING: Unable to find version of CDP to use for 133.0.6943.98. You may need to include a dependency on a specific version of the CDP using something similar to `org.seleniumhq.selenium:selenium-devtools-v86:4.41.0` where the version ("v86") matches the version of the chromium-based browser you're using and the version number of the artifact is the same as Selenium's.
]]></system-err>
  </testcase>
  <testcase name="createCustomer" classname="com.actitime.tests.TC01_Create_Edit_Delete_Customer" time="24.598">
    <system-out><![CDATA[Element highlighted
Clicked on tasklink.!
Element highlighted
Clicked on add button.!
Element highlighted
JS click executed on : 
2026-03-18T04:33:13.198495500Z main ERROR Log4j API could not find a logging provider.
JS click executed on : Create Customer
]]></system-out>
  </testcase>
  <testcase name="editCustomer" classname="com.actitime.tests.TC01_Create_Edit_Delete_Customer" time="4.806">
    <system-out><![CDATA[Element highlighted
Element highlighted
Clicked on customer edit field.!
Text field cleared
Successfully edited the customerName..!
]]></system-out>
  </testcase>
  <testcase name="deleteCustomer" classname="com.actitime.tests.TC01_Create_Edit_Delete_Customer" time="3.789">
    <system-out><![CDATA[Clicked on actions button.!
Clicked on delete button.!
Clicked on confirm delete button
Successfully deleted the customer..!
]]></system-out>
  </testcase>
  <testcase name="logout" classname="com.actitime.tests.TC01_Create_Edit_Delete_Customer" time="3.267">
    <system-out><![CDATA[Element highlighted
JS click executed on : SP
Element highlighted
Clicked on logout button.!
User logged out..!
]]></system-out>
  </testcase>
</testsuite>