<?xml version="1.0" encoding="UTF-8"?>
<testng-results ignored="0" total="3" passed="3" failed="0" skipped="0">
  <reporter-output>
    <line>
      <![CDATA[Test execution happening in chrome]]>
    </line>
    <line>
      <![CDATA[Element highlighted]]>
    </line>
    <line>
      <![CDATA[value attribute value : patraprakashsatya@gmail.com]]>
    </line>
    <line>
      <![CDATA[Element highlighted]]>
    </line>
    <line>
      <![CDATA[value attribute value : satya123]]>
    </line>
    <line>
      <![CDATA[Element highlighted]]>
    </line>
    <line>
      <![CDATA[Element highlighted]]>
    </line>
    <line>
      <![CDATA[Element clicked successfully]]>
    </line>
    <line>
      <![CDATA[Element highlighted]]>
    </line>
    <line>
      <![CDATA[Element clicked successfully]]>
    </line>
    <line>
      <![CDATA[Element highlighted]]>
    </line>
    <line>
      <![CDATA[JS click executed]]>
    </line>
    <line>
      <![CDATA[JS click executed]]>
    </line>
    <line>
      <![CDATA[Element highlighted]]>
    </line>
    <line>
      <![CDATA[Element highlighted]]>
    </line>
    <line>
      <![CDATA[Element clicked successfully]]>
    </line>
    <line>
      <![CDATA[Text field cleared]]>
    </line>
    <line>
      <![CDATA[Successfully edited the customerName..!]]>
    </line>
  </reporter-output>
  <suite started-at="2026-03-17T19:29:08 IST" name="Suite" finished-at="2026-03-17T19:29:38 IST" duration-ms="30242">
    <groups>
    </groups>
    <test started-at="2026-03-17T19:29:08 IST" name="Test" finished-at="2026-03-17T19:29:38 IST" duration-ms="30242">
      <class name="com.actitime.tests.TC01_Create_Edit_Delete_Customer">
        <test-method is-config="true" signature="setup()[pri:0, instance:com.actitime.tests.TC01_Create_Edit_Delete_Customer@75329a49]" started-at="2026-03-17T19:29:08 IST" name="setup" finished-at="2026-03-17T19:29:14 IST" duration-ms="6924" status="PASS">
          <reporter-output>
            <line>
              <![CDATA[Test execution happening in chrome]]>
            </line>
          </reporter-output>
        </test-method> <!-- setup -->
        <test-method signature="login()[pri:0, instance:com.actitime.tests.TC01_Create_Edit_Delete_Customer@75329a49]" started-at="2026-03-17T19:29:14 IST" name="login" finished-at="2026-03-17T19:29:16 IST" duration-ms="1249" status="PASS">
          <reporter-output>
            <line>
              <![CDATA[Element highlighted]]>
            </line>
            <line>
              <![CDATA[value attribute value : patraprakashsatya@gmail.com]]>
            </line>
            <line>
              <![CDATA[Element highlighted]]>
            </line>
            <line>
              <![CDATA[value attribute value : satya123]]>
            </line>
            <line>
              <![CDATA[Element highlighted]]>
            </line>
          </reporter-output>
        </test-method> <!-- login -->
        <test-method signature="createCustomer()[pri:0, instance:com.actitime.tests.TC01_Create_Edit_Delete_Customer@75329a49]" started-at="2026-03-17T19:29:16 IST" name="createCustomer" finished-at="2026-03-17T19:29:33 IST" depends-on-methods="com.actitime.tests.TC01_Create_Edit_Delete_Customer.login" duration-ms="17446" status="PASS">
          <reporter-output>
            <line>
              <![CDATA[Element highlighted]]>
            </line>
            <line>
              <![CDATA[Element clicked successfully]]>
            </line>
            <line>
              <![CDATA[Element highlighted]]>
            </line>
            <line>
              <![CDATA[Element clicked successfully]]>
            </line>
            <line>
              <![CDATA[Element highlighted]]>
            </line>
            <line>
              <![CDATA[JS click executed]]>
            </line>
            <line>
              <![CDATA[JS click executed]]>
            </line>
          </reporter-output>
        </test-method> <!-- createCustomer -->
        <test-method signature="editCustomer()[pri:0, instance:com.actitime.tests.TC01_Create_Edit_Delete_Customer@75329a49]" started-at="2026-03-17T19:29:33 IST" name="editCustomer" finished-at="2026-03-17T19:29:37 IST" depends-on-methods="com.actitime.tests.TC01_Create_Edit_Delete_Customer.createCustomer" duration-ms="4084" status="PASS">
          <reporter-output>
            <line>
              <![CDATA[Element highlighted]]>
            </line>
            <line>
              <![CDATA[Element highlighted]]>
            </line>
            <line>
              <![CDATA[Element clicked successfully]]>
            </line>
            <line>
              <![CDATA[Text field cleared]]>
            </line>
            <line>
              <![CDATA[Successfully edited the customerName..!]]>
            </line>
          </reporter-output>
        </test-method> <!-- editCustomer -->
        <test-method is-config="true" signature="teardown()[pri:0, instance:com.actitime.tests.TC01_Create_Edit_Delete_Customer@75329a49]" started-at="2026-03-17T19:29:37 IST" name="teardown" finished-at="2026-03-17T19:29:38 IST" duration-ms="460" status="PASS">
          <reporter-output>
          </reporter-output>
        </test-method> <!-- teardown -->
      </class> <!-- com.actitime.tests.TC01_Create_Edit_Delete_Customer -->
    </test> <!-- Test -->
  </suite> <!-- Suite -->
</testng-results>
