<?xml version="1.0" encoding="UTF-8"?>
<testng-results ignored="0" total="3" passed="2" failed="1" skipped="0">
  <reporter-output>
    <line>
      <![CDATA[Test execution happening in chrome]]>
    </line>
    <line>
      <![CDATA[Element highlighted]]>
    </line>
    <line>
      <![CDATA[value attribute value : patraprakashsatya@gmail.com]]>
    </line>
    <line>
      <![CDATA[Element highlighted]]>
    </line>
    <line>
      <![CDATA[value attribute value : satya123]]>
    </line>
    <line>
      <![CDATA[Element highlighted]]>
    </line>
    <line>
      <![CDATA[Element highlighted]]>
    </line>
    <line>
      <![CDATA[Element clicked successfully]]>
    </line>
    <line>
      <![CDATA[Element highlighted]]>
    </line>
    <line>
      <![CDATA[Element clicked successfully]]>
    </line>
    <line>
      <![CDATA[Element highlighted]]>
    </line>
    <line>
      <![CDATA[JS click executed]]>
    </line>
    <line>
      <![CDATA[JS click executed]]>
    </line>
    <line>
      <![CDATA[Element highlighted]]>
    </line>
    <line>
      <![CDATA[Element highlighted]]>
    </line>
    <line>
      <![CDATA[JS click executed]]>
    </line>
  </reporter-output>
  <suite started-at="2026-03-17T19:10:36 IST" name="Default suite" finished-at="2026-03-17T19:11:42 IST" duration-ms="65825">
    <groups>
    </groups>
    <test started-at="2026-03-17T19:10:36 IST" name="Default test" finished-at="2026-03-17T19:11:42 IST" duration-ms="65825">
      <class name="com.actitime.tests.TC01_Create_Edit_Delete_Customer">
        <test-method is-config="true" signature="setup()[pri:0, instance:com.actitime.tests.TC01_Create_Edit_Delete_Customer@1573f9fc]" started-at="2026-03-17T19:10:36 IST" name="setup" finished-at="2026-03-17T19:10:46 IST" duration-ms="9474" status="PASS">
          <reporter-output>
            <line>
              <![CDATA[Test execution happening in chrome]]>
            </line>
          </reporter-output>
        </test-method> <!-- setup -->
        <test-method signature="login()[pri:0, instance:com.actitime.tests.TC01_Create_Edit_Delete_Customer@1573f9fc]" started-at="2026-03-17T19:10:46 IST" name="login" finished-at="2026-03-17T19:10:47 IST" duration-ms="1287" status="PASS">
          <reporter-output>
            <line>
              <![CDATA[Element highlighted]]>
            </line>
            <line>
              <![CDATA[value attribute value : patraprakashsatya@gmail.com]]>
            </line>
            <line>
              <![CDATA[Element highlighted]]>
            </line>
            <line>
              <![CDATA[value attribute value : satya123]]>
            </line>
            <line>
              <![CDATA[Element highlighted]]>
            </line>
          </reporter-output>
        </test-method> <!-- login -->
        <test-method signature="createCustomer()[pri:0, instance:com.actitime.tests.TC01_Create_Edit_Delete_Customer@1573f9fc]" started-at="2026-03-17T19:10:47 IST" name="createCustomer" finished-at="2026-03-17T19:11:10 IST" depends-on-methods="com.actitime.tests.TC01_Create_Edit_Delete_Customer.login" duration-ms="23200" status="PASS">
          <reporter-output>
            <line>
              <![CDATA[Element highlighted]]>
            </line>
            <line>
              <![CDATA[Element clicked successfully]]>
            </line>
            <line>
              <![CDATA[Element highlighted]]>
            </line>
            <line>
              <![CDATA[Element clicked successfully]]>
            </line>
            <line>
              <![CDATA[Element highlighted]]>
            </line>
            <line>
              <![CDATA[JS click executed]]>
            </line>
            <line>
              <![CDATA[JS click executed]]>
            </line>
          </reporter-output>
        </test-method> <!-- createCustomer -->
        <test-method signature="editCustomer()[pri:0, instance:com.actitime.tests.TC01_Create_Edit_Delete_Customer@1573f9fc]" started-at="2026-03-17T19:11:10 IST" name="editCustomer" finished-at="2026-03-17T19:11:42 IST" depends-on-methods="com.actitime.tests.TC01_Create_Edit_Delete_Customer.createCustomer" duration-ms="31270" status="FAIL">
          <exception class="org.openqa.selenium.TimeoutException">
            <message>
              <![CDATA[Expected condition failed: waiting for visibility of [[ChromeDriver: chrome on windows (0dadfbf123786d27a604abfc84e18916)] -> xpath: //input[@placeholder='Enter Customer Name']]
(tried for 30 seconds with 500 milliseconds interval)
Build info: version: '4.41.0', revision: '9fc754f'
System info: os.name: 'Windows 11', os.arch: 'amd64', os.version: '10.0', java.version: '21.0.9'
Driver info: org.openqa.selenium.chrome.ChromeDriver
Capabilities {acceptInsecureCerts: false, browserName: chrome, browserVersion: 133.0.6943.98, chrome: {chromedriverVersion: 133.0.6943.141 (2a5d6da0d61..., userDataDir: C:\Users\satya\AppData\Loca...}, fedcm:accounts: true, goog:chromeOptions: {debuggerAddress: localhost:34771}, networkConnectionEnabled: false, pageLoadStrategy: normal, platformName: windows, proxy: Proxy(), se:cdp: ws://localhost:34771/devtoo..., se:cdpVersion: 133.0.6943.98, setWindowRect: true, strictFileInteractability: false, timeouts: {implicit: 0, pageLoad: 300000, script: 30000}, unhandledPromptBehavior: dismiss and notify, webauthn:extension:credBlob: true, webauthn:extension:largeBlob: true, webauthn:extension:minPinLength: true, webauthn:extension:prf: true, webauthn:virtualAuthenticators: true}
Session ID: 0dadfbf123786d27a604abfc84e18916]]>
            </message>
            <full-stacktrace>
              <![CDATA[org.openqa.selenium.TimeoutException: Expected condition failed: waiting for visibility of [[ChromeDriver: chrome on windows (0dadfbf123786d27a604abfc84e18916)] -> xpath: //input[@placeholder='Enter Customer Name']]
(tried for 30 seconds with 500 milliseconds interval)
Build info: version: '4.41.0', revision: '9fc754f'
System info: os.name: 'Windows 11', os.arch: 'amd64', os.version: '10.0', java.version: '21.0.9'
Driver info: org.openqa.selenium.chrome.ChromeDriver
Capabilities {acceptInsecureCerts: false, browserName: chrome, browserVersion: 133.0.6943.98, chrome: {chromedriverVersion: 133.0.6943.141 (2a5d6da0d61..., userDataDir: C:\Users\satya\AppData\Loca...}, fedcm:accounts: true, goog:chromeOptions: {debuggerAddress: localhost:34771}, networkConnectionEnabled: false, pageLoadStrategy: normal, platformName: windows, proxy: Proxy(), se:cdp: ws://localhost:34771/devtoo..., se:cdpVersion: 133.0.6943.98, setWindowRect: true, strictFileInteractability: false, timeouts: {implicit: 0, pageLoad: 300000, script: 30000}, unhandledPromptBehavior: dismiss and notify, webauthn:extension:credBlob: true, webauthn:extension:largeBlob: true, webauthn:extension:minPinLength: true, webauthn:extension:prf: true, webauthn:virtualAuthenticators: true}
Session ID: 0dadfbf123786d27a604abfc84e18916
at org.openqa.selenium.support.ui.WebDriverWait.timeoutException(WebDriverWait.java:85)
at org.openqa.selenium.support.ui.FluentWait.until(FluentWait.java:233)
at com.actitime.utilities.BasePage.waitForVisibility(BasePage.java:599)
at com.actitime.pages.Tasks.editcustomer(Tasks.java:96)
at com.actitime.tests.TC01_Create_Edit_Delete_Customer.editCustomer(TC01_Create_Edit_Delete_Customer.java:38)
at java.base/jdk.internal.reflect.DirectMethodHandleAccessor.invoke(DirectMethodHandleAccessor.java:103)
at java.base/java.lang.reflect.Method.invoke(Method.java:580)
at org.testng.internal.invokers.MethodInvocationHelper.invokeMethod(MethodInvocationHelper.java:141)
at org.testng.internal.invokers.TestInvoker.invokeMethod(TestInvoker.java:697)
at org.testng.internal.invokers.TestInvoker.invokeTestMethod(TestInvoker.java:230)
at org.testng.internal.invokers.MethodRunner.runInSequence(MethodRunner.java:63)
at org.testng.internal.invokers.TestInvoker$MethodInvocationAgent.invoke(TestInvoker.java:1005)
at org.testng.internal.invokers.TestInvoker.invokeTestMethods(TestInvoker.java:203)
at org.testng.internal.invokers.TestMethodWorker.invokeTestMethods(TestMethodWorker.java:154)
at org.testng.internal.invokers.TestMethodWorker.run(TestMethodWorker.java:134)
at java.base/java.util.ArrayList.forEach(ArrayList.java:1596)
at org.testng.TestRunner.privateRun(TestRunner.java:744)
at org.testng.TestRunner.run(TestRunner.java:616)
at org.testng.SuiteRunner.runTest(SuiteRunner.java:421)
at org.testng.SuiteRunner.runSequentially(SuiteRunner.java:413)
at org.testng.SuiteRunner.privateRun(SuiteRunner.java:373)
at org.testng.SuiteRunner.run(SuiteRunner.java:312)
at org.testng.SuiteRunnerWorker.runSuite(SuiteRunnerWorker.java:52)
at org.testng.SuiteRunnerWorker.run(SuiteRunnerWorker.java:95)
at org.testng.TestNG.runSuitesSequentially(TestNG.java:1274)
at org.testng.TestNG.runSuitesLocally(TestNG.java:1208)
at org.testng.TestNG.runSuites(TestNG.java:1112)
at org.testng.TestNG.run(TestNG.java:1079)
at org.testng.remote.AbstractRemoteTestNG.run(AbstractRemoteTestNG.java:115)
at org.testng.remote.RemoteTestNG.initAndRun(RemoteTestNG.java:293)
at org.testng.remote.RemoteTestNG.main(RemoteTestNG.java:91)
]]>
            </full-stacktrace>
          </exception> <!-- org.openqa.selenium.TimeoutException -->
          <reporter-output>
            <line>
              <![CDATA[Element highlighted]]>
            </line>
            <line>
              <![CDATA[Element highlighted]]>
            </line>
            <line>
              <![CDATA[JS click executed]]>
            </line>
          </reporter-output>
        </test-method> <!-- editCustomer -->
        <test-method is-config="true" signature="teardown()[pri:0, instance:com.actitime.tests.TC01_Create_Edit_Delete_Customer@1573f9fc]" started-at="2026-03-17T19:11:42 IST" name="teardown" finished-at="2026-03-17T19:11:42 IST" duration-ms="474" status="PASS">
          <reporter-output>
          </reporter-output>
        </test-method> <!-- teardown -->
      </class> <!-- com.actitime.tests.TC01_Create_Edit_Delete_Customer -->
    </test> <!-- Default test -->
  </suite> <!-- Default suite -->
</testng-results>
