<?xml version="1.0" encoding="UTF-8"?>
<!-- Generated by org.testng.reporters.JUnitReportReporter -->
<testsuite hostname="RamBhakt--" failures="0" tests="1" name="com.actitime.tests.TC01_Login" time="0.412" errors="0" timestamp="2026-03-15T21:44:10 IST" skipped="0">
  <testcase classname="com.actitime.tests.TC01_Login" name="login" time="0.412">
    <system-out>
      <![CDATA[Element highlighted
value attribute value : patraprakashsatya@gmail.com
Element highlighted
value attribute value : satya123
Element highlighted]]>
    </system-out>
  </testcase> <!-- login -->
  <system-out>
    <![CDATA[Test execution happening in chrome
Element highlighted
value attribute value : patraprakashsatya@gmail.com
Element highlighted
value attribute value : satya123
Element highlighted]]>
  </system-out>
</testsuite> <!-- com.actitime.tests.TC01_Login -->
