<?xml version="1.0" encoding="UTF-8"?>
<!-- Generated by org.testng.reporters.JUnitReportReporter -->
<testsuite hostname="RamBhakt--" failures="0" tests="5" name="com.actitime.tests.TC01_Create_Edit_Delete_Customer" time="37.605" errors="0" timestamp="2026-03-18T10:03:32 IST" skipped="0">
  <testcase classname="com.actitime.tests.TC01_Create_Edit_Delete_Customer" name="createCustomer" time="24.596">
    <system-out>
      <![CDATA[Element highlighted
Clicked on tasklink.!
Element highlighted
Clicked on add button.!
Element highlighted
JS click executed on : 
JS click executed on : Create Customer]]>
    </system-out>
  </testcase> <!-- createCustomer -->
  <testcase classname="com.actitime.tests.TC01_Create_Edit_Delete_Customer" name="editCustomer" time="4.805">
    <system-out>
      <![CDATA[Element highlighted
Element highlighted
Clicked on customer edit field.!
Text field cleared
Successfully edited the customerName..!]]>
    </system-out>
  </testcase> <!-- editCustomer -->
  <testcase classname="com.actitime.tests.TC01_Create_Edit_Delete_Customer" name="deleteCustomer" time="3.787">
    <system-out>
      <![CDATA[Clicked on actions button.!
Clicked on delete button.!
Clicked on confirm delete button
Successfully deleted the customer..!]]>
    </system-out>
  </testcase> <!-- deleteCustomer -->
  <testcase classname="com.actitime.tests.TC01_Create_Edit_Delete_Customer" name="logout" time="3.266">
    <system-out>
      <![CDATA[Element highlighted
JS click executed on : SP
Element highlighted
Clicked on logout button.!
User logged out..!]]>
    </system-out>
  </testcase> <!-- logout -->
  <testcase classname="com.actitime.tests.TC01_Create_Edit_Delete_Customer" name="login" time="1.151">
    <system-out>
      <![CDATA[Element highlighted
value attribute value : patraprakashsatya@gmail.com
Element highlighted
value attribute value : satya123
Element highlighted]]>
    </system-out>
  </testcase> <!-- login -->
  <system-out>
    <![CDATA[Test execution happening in chrome
Element highlighted
value attribute value : patraprakashsatya@gmail.com
Element highlighted
value attribute value : satya123
Element highlighted
Element highlighted
Clicked on tasklink.!
Element highlighted
Clicked on add button.!
Element highlighted
JS click executed on : 
JS click executed on : Create Customer
Element highlighted
Element highlighted
Clicked on customer edit field.!
Text field cleared
Successfully edited the customerName..!
Clicked on actions button.!
Clicked on delete button.!
Clicked on confirm delete button
Successfully deleted the customer..!
Element highlighted
JS click executed on : SP
Element highlighted
Clicked on logout button.!
User logged out..!]]>
  </system-out>
</testsuite> <!-- com.actitime.tests.TC01_Create_Edit_Delete_Customer -->
