<?xml version="1.0" encoding="UTF-8"?>
<!-- Generated by org.testng.reporters.JUnitReportReporter -->
<testsuite hostname="RamBhakt--" failures="0" tests="4" name="com.actitime.tests.TC01_Create_Edit_Delete_Customer" time="27.390" errors="0" timestamp="2026-03-17T19:38:09 IST" skipped="0">
  <testcase classname="com.actitime.tests.TC01_Create_Edit_Delete_Customer" name="login" time="1.457">
    <system-out>
      <![CDATA[Element highlighted
value attribute value : patraprakashsatya@gmail.com
Element highlighted
value attribute value : satya123
Element highlighted]]>
    </system-out>
  </testcase> <!-- login -->
  <testcase classname="com.actitime.tests.TC01_Create_Edit_Delete_Customer" name="editCustomer" time="4.217">
    <system-out>
      <![CDATA[Element highlighted
Element highlighted
Element clicked successfully
Text field cleared
Successfully edited the customerName..!]]>
    </system-out>
  </testcase> <!-- editCustomer -->
  <testcase classname="com.actitime.tests.TC01_Create_Edit_Delete_Customer" name="deleteCustomer" time="0.000"/>
  <testcase classname="com.actitime.tests.TC01_Create_Edit_Delete_Customer" name="createCustomer" time="21.716">
    <system-out>
      <![CDATA[Element highlighted
Element clicked successfully
Element highlighted
Element clicked successfully
Element highlighted
JS click executed
JS click executed]]>
    </system-out>
  </testcase> <!-- createCustomer -->
  <system-out>
    <![CDATA[Test execution happening in chrome
Element highlighted
value attribute value : patraprakashsatya@gmail.com
Element highlighted
value attribute value : satya123
Element highlighted
Element highlighted
Element clicked successfully
Element highlighted
Element clicked successfully
Element highlighted
JS click executed
JS click executed
Element highlighted
Element highlighted
Element clicked successfully
Text field cleared
Successfully edited the customerName..!]]>
  </system-out>
</testsuite> <!-- com.actitime.tests.TC01_Create_Edit_Delete_Customer -->
